# JRE version: OpenJDK Runtime Environment Temurin-17.0.10+7 (17.0.10+7) (build 17.0.10+7)
# Java VM: OpenJDK 64-Bit Server VM Temurin-17.0.10+7 (17.0.10+7, mixed mode, tiered, compressed oops, compressed class ptrs, parallel gc, windows-amd64)
GC Precious Log:
 CPUs: 8 total, 8 available
 Memory: 15977M
 Large Page Support: Disabled
 NUMA Support: Disabled
 Compressed Oops: Enabled (32-bit)
 Alignments: Space 512K, Generation 512K, Heap 2M
 Heap Min Capacity: 100M
 Heap Initial Capacity: 100M
 Heap Max Capacity: 1G
 Pre-touch: Disabled
 Parallel Workers: 8
Heap:
 PSYoungGen      total 2560K, used 1137K [0x00000000eab00000, 0x00000000eae80000, 0x0000000100000000)
  eden space 2048K, 40% used [0x00000000eab00000,0x00000000eabd0630,0x00000000ead00000)
  from space 512K, 59% used [0x00000000ead80000,0x00000000eadcc010,0x00000000eae00000)
  to   space 512K, 0% used [0x00000000eae00000,0x00000000eae00000,0x00000000eae80000)
 ParOldGen       total 122880K, used 110689K [0x00000000c0000000, 0x00000000c7800000, 0x00000000eab00000)
  object space 122880K, 90% used [0x00000000c0000000,0x00000000c6c18428,0x00000000c7800000)
 Metaspace       used 90771K, committed 91840K, reserved 1179648K
  class space    used 8952K, committed 9408K, reserved 1048576K
GC Heap History (20 events):
Event: 8869.894 GC heap before
{Heap before GC invocations=5475 (full 153):
 PSYoungGen      total 4608K, used 4160K [0x00000000eab00000, 0x00000000eb200000, 0x0000000100000000)
  eden space 2048K, 100% used [0x00000000eab00000,0x00000000ead00000,0x00000000ead00000)
  from space 2560K, 82% used [0x00000000ead00000,0x00000000eaf10000,0x00000000eaf80000)
  to   space 2560K, 0% used [0x00000000eaf80000,0x00000000eaf80000,0x00000000eb200000)
 ParOldGen       total 122880K, used 101123K [0x00000000c0000000, 0x00000000c7800000, 0x00000000eab00000)
  object space 122880K, 82% used [0x00000000c0000000,0x00000000c62c0d28,0x00000000c7800000)
 Metaspace       used 90769K, committed 91840K, reserved 1179648K
  class space    used 8952K, committed 9408K, reserved 1048576K
}
Event: 8869.897 GC heap after
{Heap after GC invocations=5475 (full 153):
 PSYoungGen      total 4096K, used 1888K [0x00000000eab00000, 0x00000000eb180000, 0x0000000100000000)
  eden space 2048K, 0% used [0x00000000eab00000,0x00000000eab00000,0x00000000ead00000)
  from space 2048K, 92% used [0x00000000eaf80000,0x00000000eb158000,0x00000000eb180000)
  to   space 2048K, 0% used [0x00000000ead80000,0x00000000ead80000,0x00000000eaf80000)
 ParOldGen       total 122880K, used 103147K [0x00000000c0000000, 0x00000000c7800000, 0x00000000eab00000)
  object space 122880K, 83% used [0x00000000c0000000,0x00000000c64bad28,0x00000000c7800000)
 Metaspace       used 90769K, committed 91840K, reserved 1179648K
  class space    used 8952K, committed 9408K, reserved 1048576K
}
Event: 8869.904 GC heap before
{Heap before GC invocations=5476 (full 153):
 PSYoungGen      total 4096K, used 3598K [0x00000000eab00000, 0x00000000eb180000, 0x0000000100000000)
  eden space 2048K, 83% used [0x00000000eab00000,0x00000000eacabaa8,0x00000000ead00000)
  from space 2048K, 92% used [0x00000000eaf80000,0x00000000eb158000,0x00000000eb180000)
  to   space 2048K, 0% used [0x00000000ead80000,0x00000000ead80000,0x00000000eaf80000)
 ParOldGen       total 122880K, used 103147K [0x00000000c0000000, 0x00000000c7800000, 0x00000000eab00000)
  object space 122880K, 83% used [0x00000000c0000000,0x00000000c64bad28,0x00000000c7800000)
 Metaspace       used 90769K, committed 91840K, reserved 1179648K
  class space    used 8952K, committed 9408K, reserved 1048576K
}
Event: 8869.906 GC heap after
{Heap after GC invocations=5476 (full 153):
 PSYoungGen      total 3584K, used 1504K [0x00000000eab00000, 0x00000000eb100000, 0x0000000100000000)
  eden space 2048K, 0% used [0x00000000eab00000,0x00000000eab00000,0x00000000ead00000)
  from space 1536K, 97% used [0x00000000ead80000,0x00000000eaef8000,0x00000000eaf00000)
  to   space 2048K, 0% used [0x00000000eaf00000,0x00000000eaf00000,0x00000000eb100000)
 ParOldGen       total 122880K, used 104747K [0x00000000c0000000, 0x00000000c7800000, 0x00000000eab00000)
  object space 122880K, 85% used [0x00000000c0000000,0x00000000c664ad28,0x00000000c7800000)
 Metaspace       used 90769K, committed 91840K, reserved 1179648K
  class space    used 8952K, committed 9408K, reserved 1048576K
}
Event: 8869.930 GC heap before
{Heap before GC invocations=5477 (full 153):
 PSYoungGen      total 3584K, used 3552K [0x00000000eab00000, 0x00000000eb100000, 0x0000000100000000)
  eden space 2048K, 100% used [0x00000000eab00000,0x00000000ead00000,0x00000000ead00000)
  from space 1536K, 97% used [0x00000000ead80000,0x00000000eaef8000,0x00000000eaf00000)
  to   space 2048K, 0% used [0x00000000eaf00000,0x00000000eaf00000,0x00000000eb100000)
 ParOldGen       total 122880K, used 104747K [0x00000000c0000000, 0x00000000c7800000, 0x00000000eab00000)
  object space 122880K, 85% used [0x00000000c0000000,0x00000000c664ad28,0x00000000c7800000)
 Metaspace       used 90769K, committed 91840K, reserved 1179648K
  class space    used 8952K, committed 9408K, reserved 1048576K
}
Event: 8869.931 GC heap after
{Heap after GC invocations=5477 (full 153):
 PSYoungGen      total 2560K, used 2040K [0x00000000eab00000, 0x00000000eb400000, 0x0000000100000000)
  eden space 512K, 0% used [0x00000000eab00000,0x00000000eab00000,0x00000000eab80000)
  from space 2048K, 99% used [0x00000000eaf00000,0x00000000eb0fe200,0x00000000eb100000)
  to   space 3584K, 0% used [0x00000000eab80000,0x00000000eab80000,0x00000000eaf00000)
 ParOldGen       total 122880K, used 105739K [0x00000000c0000000, 0x00000000c7800000, 0x00000000eab00000)
  object space 122880K, 86% used [0x00000000c0000000,0x00000000c6742d28,0x00000000c7800000)
 Metaspace       used 90769K, committed 91840K, reserved 1179648K
  class space    used 8952K, committed 9408K, reserved 1048576K
}
Event: 8869.932 GC heap before
{Heap before GC invocations=5478 (full 153):
 PSYoungGen      total 2560K, used 2552K [0x00000000eab00000, 0x00000000eb400000, 0x0000000100000000)
  eden space 512K, 99% used [0x00000000eab00000,0x00000000eab7ffd8,0x00000000eab80000)
  from space 2048K, 99% used [0x00000000eaf00000,0x00000000eb0fe200,0x00000000eb100000)
  to   space 3584K, 0% used [0x00000000eab80000,0x00000000eab80000,0x00000000eaf00000)
 ParOldGen       total 122880K, used 105739K [0x00000000c0000000, 0x00000000c7800000, 0x00000000eab00000)
  object space 122880K, 86% used [0x00000000c0000000,0x00000000c6742d28,0x00000000c7800000)
 Metaspace       used 90769K, committed 91840K, reserved 1179648K
  class space    used 8952K, committed 9408K, reserved 1048576K
}
Event: 8869.933 GC heap after
{Heap after GC invocations=5478 (full 153):
 PSYoungGen      total 1536K, used 608K [0x00000000eab00000, 0x00000000eaf80000, 0x0000000100000000)
  eden space 512K, 0% used [0x00000000eab00000,0x00000000eab00000,0x00000000eab80000)
  from space 1024K, 59% used [0x00000000eab80000,0x00000000eac18000,0x00000000eac80000)
  to   space 1536K, 0% used [0x00000000eae00000,0x00000000eae00000,0x00000000eaf80000)
 ParOldGen       total 122880K, used 107803K [0x00000000c0000000, 0x00000000c7800000, 0x00000000eab00000)
  object space 122880K, 87% used [0x00000000c0000000,0x00000000c6946f28,0x00000000c7800000)
 Metaspace       used 90769K, committed 91840K, reserved 1179648K
  class space    used 8952K, committed 9408K, reserved 1048576K
}
Event: 8869.934 GC heap before
{Heap before GC invocations=5479 (full 153):
 PSYoungGen      total 1536K, used 1119K [0x00000000eab00000, 0x00000000eaf80000, 0x0000000100000000)
  eden space 512K, 99% used [0x00000000eab00000,0x00000000eab7fff0,0x00000000eab80000)
  from space 1024K, 59% used [0x00000000eab80000,0x00000000eac18000,0x00000000eac80000)
  to   space 1536K, 0% used [0x00000000eae00000,0x00000000eae00000,0x00000000eaf80000)
 ParOldGen       total 122880K, used 107803K [0x00000000c0000000, 0x00000000c7800000, 0x00000000eab00000)
  object space 122880K, 87% used [0x00000000c0000000,0x00000000c6946f28,0x00000000c7800000)
 Metaspace       used 90769K, committed 91840K, reserved 1179648K
  class space    used 8952K, committed 9408K, reserved 1048576K
}
Event: 8869.935 GC heap after
{Heap after GC invocations=5479 (full 153):
 PSYoungGen      total 2048K, used 576K [0x00000000eab00000, 0x00000000eaf00000, 0x0000000100000000)
  eden space 1024K, 0% used [0x00000000eab00000,0x00000000eab00000,0x00000000eac00000)
  from space 1024K, 56% used [0x00000000eae00000,0x00000000eae90000,0x00000000eaf00000)
  to   space 1024K, 0% used [0x00000000ead00000,0x00000000ead00000,0x00000000eae00000)
 ParOldGen       total 122880K, used 108307K [0x00000000c0000000, 0x00000000c7800000, 0x00000000eab00000)
  object space 122880K, 88% used [0x00000000c0000000,0x00000000c69c4f28,0x00000000c7800000)
 Metaspace       used 90769K, committed 91840K, reserved 1179648K
  class space    used 8952K, committed 9408K, reserved 1048576K
}
Event: 8869.939 GC heap before
{Heap before GC invocations=5480 (full 153):
 PSYoungGen      total 2048K, used 1594K [0x00000000eab00000, 0x00000000eaf00000, 0x0000000100000000)
  eden space 1024K, 99% used [0x00000000eab00000,0x00000000eabfeb88,0x00000000eac00000)
  from space 1024K, 56% used [0x00000000eae00000,0x00000000eae90000,0x00000000eaf00000)
  to   space 1024K, 0% used [0x00000000ead00000,0x00000000ead00000,0x00000000eae00000)
 ParOldGen       total 122880K, used 108307K [0x00000000c0000000, 0x00000000c7800000, 0x00000000eab00000)
  object space 122880K, 88% used [0x00000000c0000000,0x00000000c69c4f28,0x00000000c7800000)
 Metaspace       used 90769K, committed 91840K, reserved 1179648K
  class space    used 8952K, committed 9408K, reserved 1048576K
}
Event: 8869.940 GC heap after
{Heap after GC invocations=5480 (full 153):
 PSYoungGen      total 2560K, used 968K [0x00000000eab00000, 0x00000000eaf80000, 0x0000000100000000)
  eden space 1536K, 0% used [0x00000000eab00000,0x00000000eab00000,0x00000000eac80000)
  from space 1024K, 94% used [0x00000000ead00000,0x00000000eadf2000,0x00000000eae00000)
  to   space 1536K, 0% used [0x00000000eae00000,0x00000000eae00000,0x00000000eaf80000)
 ParOldGen       total 122880K, used 108819K [0x00000000c0000000, 0x00000000c7800000, 0x00000000eab00000)
  object space 122880K, 88% used [0x00000000c0000000,0x00000000c6a44f28,0x00000000c7800000)
 Metaspace       used 90769K, committed 91840K, reserved 1179648K
  class space    used 8952K, committed 9408K, reserved 1048576K
}
Event: 8869.980 GC heap before
{Heap before GC invocations=5481 (full 153):
 PSYoungGen      total 2560K, used 2503K [0x00000000eab00000, 0x00000000eaf80000, 0x0000000100000000)
  eden space 1536K, 99% used [0x00000000eab00000,0x00000000eac7fff8,0x00000000eac80000)
  from space 1024K, 94% used [0x00000000ead00000,0x00000000eadf2000,0x00000000eae00000)
  to   space 1536K, 0% used [0x00000000eae00000,0x00000000eae00000,0x00000000eaf80000)
 ParOldGen       total 122880K, used 108819K [0x00000000c0000000, 0x00000000c7800000, 0x00000000eab00000)
  object space 122880K, 88% used [0x00000000c0000000,0x00000000c6a44f28,0x00000000c7800000)
 Metaspace       used 90770K, committed 91840K, reserved 1179648K
  class space    used 8952K, committed 9408K, reserved 1048576K
}
Event: 8869.981 GC heap after
{Heap after GC invocations=5481 (full 153):
 PSYoungGen      total 3072K, used 912K [0x00000000eab00000, 0x00000000eaf00000, 0x0000000100000000)
  eden space 2048K, 0% used [0x00000000eab00000,0x00000000eab00000,0x00000000ead00000)
  from space 1024K, 89% used [0x00000000eae00000,0x00000000eaee4020,0x00000000eaf00000)
  to   space 1024K, 0% used [0x00000000ead00000,0x00000000ead00000,0x00000000eae00000)
 ParOldGen       total 122880K, used 109515K [0x00000000c0000000, 0x00000000c7800000, 0x00000000eab00000)
  object space 122880K, 89% used [0x00000000c0000000,0x00000000c6af2f28,0x00000000c7800000)
 Metaspace       used 90770K, committed 91840K, reserved 1179648K
  class space    used 8952K, committed 9408K, reserved 1048576K
}
Event: 8870.336 GC heap before
{Heap before GC invocations=5482 (full 153):
 PSYoungGen      total 3072K, used 2958K [0x00000000eab00000, 0x00000000eaf00000, 0x0000000100000000)
  eden space 2048K, 99% used [0x00000000eab00000,0x00000000eacff8a0,0x00000000ead00000)
  from space 1024K, 89% used [0x00000000eae00000,0x00000000eaee4020,0x00000000eaf00000)
  to   space 1024K, 0% used [0x00000000ead00000,0x00000000ead00000,0x00000000eae00000)
 ParOldGen       total 122880K, used 109515K [0x00000000c0000000, 0x00000000c7800000, 0x00000000eab00000)
  object space 122880K, 89% used [0x00000000c0000000,0x00000000c6af2f28,0x00000000c7800000)
 Metaspace       used 90771K, committed 91840K, reserved 1179648K
  class space    used 8952K, committed 9408K, reserved 1048576K
}
Event: 8870.337 GC heap after
{Heap after GC invocations=5482 (full 153):
 PSYoungGen      total 3072K, used 560K [0x00000000eab00000, 0x00000000eaf00000, 0x0000000100000000)
  eden space 2048K, 0% used [0x00000000eab00000,0x00000000eab00000,0x00000000ead00000)
  from space 1024K, 54% used [0x00000000ead00000,0x00000000ead8c050,0x00000000eae00000)
  to   space 1024K, 0% used [0x00000000eae00000,0x00000000eae00000,0x00000000eaf00000)
 ParOldGen       total 122880K, used 110219K [0x00000000c0000000, 0x00000000c7800000, 0x00000000eab00000)
  object space 122880K, 89% used [0x00000000c0000000,0x00000000c6ba2f48,0x00000000c7800000)
 Metaspace       used 90771K, committed 91840K, reserved 1179648K
  class space    used 8952K, committed 9408K, reserved 1048576K
}
Event: 8870.432 GC heap before
{Heap before GC invocations=5483 (full 153):
 PSYoungGen      total 3072K, used 2608K [0x00000000eab00000, 0x00000000eaf00000, 0x0000000100000000)
  eden space 2048K, 100% used [0x00000000eab00000,0x00000000ead00000,0x00000000ead00000)
  from space 1024K, 54% used [0x00000000ead00000,0x00000000ead8c050,0x00000000eae00000)
  to   space 1024K, 0% used [0x00000000eae00000,0x00000000eae00000,0x00000000eaf00000)
 ParOldGen       total 122880K, used 110219K [0x00000000c0000000, 0x00000000c7800000, 0x00000000eab00000)
  object space 122880K, 89% used [0x00000000c0000000,0x00000000c6ba2f48,0x00000000c7800000)
 Metaspace       used 90771K, committed 91840K, reserved 1179648K
  class space    used 8952K, committed 9408K, reserved 1048576K
}
Event: 8870.433 GC heap after
{Heap after GC invocations=5483 (full 153):
 PSYoungGen      total 2560K, used 384K [0x00000000eab00000, 0x00000000eae80000, 0x0000000100000000)
  eden space 2048K, 0% used [0x00000000eab00000,0x00000000eab00000,0x00000000ead00000)
  from space 512K, 75% used [0x00000000eae00000,0x00000000eae60020,0x00000000eae80000)
  to   space 512K, 0% used [0x00000000ead80000,0x00000000ead80000,0x00000000eae00000)
 ParOldGen       total 122880K, used 110681K [0x00000000c0000000, 0x00000000c7800000, 0x00000000eab00000)
  object space 122880K, 90% used [0x00000000c0000000,0x00000000c6c16428,0x00000000c7800000)
 Metaspace       used 90771K, committed 91840K, reserved 1179648K
  class space    used 8952K, committed 9408K, reserved 1048576K
}
Event: 8870.557 GC heap before
{Heap before GC invocations=5484 (full 153):
 PSYoungGen      total 2560K, used 2432K [0x00000000eab00000, 0x00000000eae80000, 0x0000000100000000)
  eden space 2048K, 100% used [0x00000000eab00000,0x00000000ead00000,0x00000000ead00000)
  from space 512K, 75% used [0x00000000eae00000,0x00000000eae60020,0x00000000eae80000)
  to   space 512K, 0% used [0x00000000ead80000,0x00000000ead80000,0x00000000eae00000)
 ParOldGen       total 122880K, used 110681K [0x00000000c0000000, 0x00000000c7800000, 0x00000000eab00000)
  object space 122880K, 90% used [0x00000000c0000000,0x00000000c6c16428,0x00000000c7800000)
 Metaspace       used 90771K, committed 91840K, reserved 1179648K
  class space    used 8952K, committed 9408K, reserved 1048576K
}
Event: 8870.557 GC heap after
{Heap after GC invocations=5484 (full 153):
 PSYoungGen      total 2560K, used 304K [0x00000000eab00000, 0x00000000eae80000, 0x0000000100000000)
  eden space 2048K, 0% used [0x00000000eab00000,0x00000000eab00000,0x00000000ead00000)
  from space 512K, 59% used [0x00000000ead80000,0x00000000eadcc010,0x00000000eae00000)
  to   space 512K, 0% used [0x00000000eae00000,0x00000000eae00000,0x00000000eae80000)
 ParOldGen       total 122880K, used 110689K [0x00000000c0000000, 0x00000000c7800000, 0x00000000eab00000)
  object space 122880K, 90% used [0x00000000c0000000,0x00000000c6c18428,0x00000000c7800000)
 Metaspace       used 90771K, committed 91840K, reserved 1179648K
  class space    used 8952K, committed 9408K, reserved 1048576K
}

