# JRE version: OpenJDK Runtime Environment Temurin-17.0.10+7 (17.0.10+7) (build 17.0.10+7)
# Java VM: OpenJDK 64-Bit Server VM Temurin-17.0.10+7 (17.0.10+7, mixed mode, tiered, compressed oops, compressed class ptrs, parallel gc, windows-amd64)
GC Precious Log:
 CPUs: 8 total, 8 available
 Memory: 15977M
 Large Page Support: Disabled
 NUMA Support: Disabled
 Compressed Oops: Enabled (32-bit)
 Alignments: Space 512K, Generation 512K, Heap 2M
 Heap Min Capacity: 100M
 Heap Initial Capacity: 100M
 Heap Max Capacity: 1G
 Pre-touch: Disabled
 Parallel Workers: 8
Heap:
 PSYoungGen      total 2560K, used 1534K [0x00000000eab00000, 0x00000000eb380000, 0x0000000100000000)
  eden space 1024K, 0% used [0x00000000eab00000,0x00000000eab00000,0x00000000eac00000)
  from space 1536K, 99% used [0x00000000eaf00000,0x00000000eb07f8b0,0x00000000eb080000)
  to   space 3072K, 0% used [0x00000000eac00000,0x00000000eac00000,0x00000000eaf00000)
 ParOldGen       total 194560K, used 194518K [0x00000000c0000000, 0x00000000cbe00000, 0x00000000eab00000)
  object space 194560K, 99% used [0x00000000c0000000,0x00000000cbdf5ba8,0x00000000cbe00000)
 Metaspace       used 94348K, committed 95488K, reserved 1179648K
  class space    used 9116K, committed 9600K, reserved 1048576K
GC Heap History (20 events):
Event: 18081.605 GC heap after
{Heap after GC invocations=7387 (full 92):
 PSYoungGen      total 5632K, used 2543K [0x00000000eab00000, 0x00000000eb580000, 0x0000000100000000)
  eden space 3072K, 0% used [0x00000000eab00000,0x00000000eab00000,0x00000000eae00000)
  from space 2560K, 99% used [0x00000000eae00000,0x00000000eb07bca8,0x00000000eb080000)
  to   space 3584K, 0% used [0x00000000eb200000,0x00000000eb200000,0x00000000eb580000)
 ParOldGen       total 194048K, used 189511K [0x00000000c0000000, 0x00000000cbd80000, 0x00000000eab00000)
  object space 194048K, 97% used [0x00000000c0000000,0x00000000cb911d68,0x00000000cbd80000)
 Metaspace       used 94344K, committed 95488K, reserved 1179648K
  class space    used 9116K, committed 9600K, reserved 1048576K
}
Event: 18081.612 GC heap before
{Heap before GC invocations=7388 (full 92):
 PSYoungGen      total 5632K, used 5615K [0x00000000eab00000, 0x00000000eb580000, 0x0000000100000000)
  eden space 3072K, 100% used [0x00000000eab00000,0x00000000eae00000,0x00000000eae00000)
  from space 2560K, 99% used [0x00000000eae00000,0x00000000eb07bca8,0x00000000eb080000)
  to   space 3584K, 0% used [0x00000000eb200000,0x00000000eb200000,0x00000000eb580000)
 ParOldGen       total 194048K, used 189511K [0x00000000c0000000, 0x00000000cbd80000, 0x00000000eab00000)
  object space 194048K, 97% used [0x00000000c0000000,0x00000000cb911d68,0x00000000cbd80000)
 Metaspace       used 94344K, committed 95488K, reserved 1179648K
  class space    used 9116K, committed 9600K, reserved 1048576K
}
Event: 18081.615 GC heap after
{Heap after GC invocations=7388 (full 92):
 PSYoungGen      total 4608K, used 3567K [0x00000000eab00000, 0x00000000eba80000, 0x0000000100000000)
  eden space 1024K, 0% used [0x00000000eab00000,0x00000000eab00000,0x00000000eac00000)
  from space 3584K, 99% used [0x00000000eb200000,0x00000000eb57bca8,0x00000000eb580000)
  to   space 6144K, 0% used [0x00000000eac00000,0x00000000eac00000,0x00000000eb200000)
 ParOldGen       total 194048K, used 191293K [0x00000000c0000000, 0x00000000cbd80000, 0x00000000eab00000)
  object space 194048K, 98% used [0x00000000c0000000,0x00000000cbacf7c8,0x00000000cbd80000)
 Metaspace       used 94344K, committed 95488K, reserved 1179648K
  class space    used 9116K, committed 9600K, reserved 1048576K
}
Event: 18081.616 GC heap before
{Heap before GC invocations=7389 (full 92):
 PSYoungGen      total 4608K, used 4591K [0x00000000eab00000, 0x00000000eba80000, 0x0000000100000000)
  eden space 1024K, 100% used [0x00000000eab00000,0x00000000eac00000,0x00000000eac00000)
  from space 3584K, 99% used [0x00000000eb200000,0x00000000eb57bca8,0x00000000eb580000)
  to   space 6144K, 0% used [0x00000000eac00000,0x00000000eac00000,0x00000000eb200000)
 ParOldGen       total 194048K, used 191293K [0x00000000c0000000, 0x00000000cbd80000, 0x00000000eab00000)
  object space 194048K, 98% used [0x00000000c0000000,0x00000000cbacf7c8,0x00000000cbd80000)
 Metaspace       used 94344K, committed 95488K, reserved 1179648K
  class space    used 9116K, committed 9600K, reserved 1048576K
}
Event: 18081.618 GC heap after
{Heap after GC invocations=7389 (full 92):
 PSYoungGen      total 3072K, used 1584K [0x00000000eab00000, 0x00000000eb280000, 0x0000000100000000)
  eden space 1024K, 0% used [0x00000000eab00000,0x00000000eab00000,0x00000000eac00000)
  from space 2048K, 77% used [0x00000000eac00000,0x00000000ead8c050,0x00000000eae00000)
  to   space 3072K, 0% used [0x00000000eaf80000,0x00000000eaf80000,0x00000000eb280000)
 ParOldGen       total 194048K, used 191981K [0x00000000c0000000, 0x00000000cbd80000, 0x00000000eab00000)
  object space 194048K, 98% used [0x00000000c0000000,0x00000000cbb7b7c8,0x00000000cbd80000)
 Metaspace       used 94344K, committed 95488K, reserved 1179648K
  class space    used 9116K, committed 9600K, reserved 1048576K
}
Event: 18081.620 GC heap before
{Heap before GC invocations=7390 (full 92):
 PSYoungGen      total 3072K, used 2608K [0x00000000eab00000, 0x00000000eb280000, 0x0000000100000000)
  eden space 1024K, 99% used [0x00000000eab00000,0x00000000eabfffe8,0x00000000eac00000)
  from space 2048K, 77% used [0x00000000eac00000,0x00000000ead8c050,0x00000000eae00000)
  to   space 3072K, 0% used [0x00000000eaf80000,0x00000000eaf80000,0x00000000eb280000)
 ParOldGen       total 194048K, used 191981K [0x00000000c0000000, 0x00000000cbd80000, 0x00000000eab00000)
  object space 194048K, 98% used [0x00000000c0000000,0x00000000cbb7b7c8,0x00000000cbd80000)
 Metaspace       used 94344K, committed 95488K, reserved 1179648K
  class space    used 9116K, committed 9600K, reserved 1048576K
}
Event: 18081.621 GC heap after
{Heap after GC invocations=7390 (full 92):
 PSYoungGen      total 3584K, used 1664K [0x00000000eab00000, 0x00000000eb180000, 0x0000000100000000)
  eden space 1536K, 0% used [0x00000000eab00000,0x00000000eab00000,0x00000000eac80000)
  from space 2048K, 81% used [0x00000000eaf80000,0x00000000eb120040,0x00000000eb180000)
  to   space 2048K, 0% used [0x00000000ead80000,0x00000000ead80000,0x00000000eaf80000)
 ParOldGen       total 194048K, used 191989K [0x00000000c0000000, 0x00000000cbd80000, 0x00000000eab00000)
  object space 194048K, 98% used [0x00000000c0000000,0x00000000cbb7d7c8,0x00000000cbd80000)
 Metaspace       used 94344K, committed 95488K, reserved 1179648K
  class space    used 9116K, committed 9600K, reserved 1048576K
}
Event: 18082.104 GC heap before
{Heap before GC invocations=7391 (full 92):
 PSYoungGen      total 3584K, used 3200K [0x00000000eab00000, 0x00000000eb180000, 0x0000000100000000)
  eden space 1536K, 100% used [0x00000000eab00000,0x00000000eac80000,0x00000000eac80000)
  from space 2048K, 81% used [0x00000000eaf80000,0x00000000eb120040,0x00000000eb180000)
  to   space 2048K, 0% used [0x00000000ead80000,0x00000000ead80000,0x00000000eaf80000)
 ParOldGen       total 194048K, used 191989K [0x00000000c0000000, 0x00000000cbd80000, 0x00000000eab00000)
  object space 194048K, 98% used [0x00000000c0000000,0x00000000cbb7d7c8,0x00000000cbd80000)
 Metaspace       used 94348K, committed 95488K, reserved 1179648K
  class space    used 9116K, committed 9600K, reserved 1048576K
}
Event: 18082.108 GC heap after
{Heap after GC invocations=7391 (full 92):
 PSYoungGen      total 3072K, used 896K [0x00000000eab00000, 0x00000000eb000000, 0x0000000100000000)
  eden space 2048K, 0% used [0x00000000eab00000,0x00000000eab00000,0x00000000ead00000)
  from space 1024K, 87% used [0x00000000ead80000,0x00000000eae60020,0x00000000eae80000)
  to   space 1536K, 0% used [0x00000000eae80000,0x00000000eae80000,0x00000000eb000000)
 ParOldGen       total 194048K, used 192500K [0x00000000c0000000, 0x00000000cbd80000, 0x00000000eab00000)
  object space 194048K, 99% used [0x00000000c0000000,0x00000000cbbfd248,0x00000000cbd80000)
 Metaspace       used 94348K, committed 95488K, reserved 1179648K
  class space    used 9116K, committed 9600K, reserved 1048576K
}
Event: 18082.131 GC heap before
{Heap before GC invocations=7392 (full 92):
 PSYoungGen      total 3072K, used 2944K [0x00000000eab00000, 0x00000000eb000000, 0x0000000100000000)
  eden space 2048K, 99% used [0x00000000eab00000,0x00000000eacffff8,0x00000000ead00000)
  from space 1024K, 87% used [0x00000000ead80000,0x00000000eae60020,0x00000000eae80000)
  to   space 1536K, 0% used [0x00000000eae80000,0x00000000eae80000,0x00000000eb000000)
 ParOldGen       total 194048K, used 192500K [0x00000000c0000000, 0x00000000cbd80000, 0x00000000eab00000)
  object space 194048K, 99% used [0x00000000c0000000,0x00000000cbbfd248,0x00000000cbd80000)
 Metaspace       used 94348K, committed 95488K, reserved 1179648K
  class space    used 9116K, committed 9600K, reserved 1048576K
}
Event: 18082.136 GC heap after
{Heap after GC invocations=7392 (full 92):
 PSYoungGen      total 3072K, used 1504K [0x00000000eab00000, 0x00000000eb180000, 0x0000000100000000)
  eden space 1536K, 0% used [0x00000000eab00000,0x00000000eab00000,0x00000000eac80000)
  from space 1536K, 97% used [0x00000000eae80000,0x00000000eaff8040,0x00000000eb000000)
  to   space 2048K, 0% used [0x00000000eac80000,0x00000000eac80000,0x00000000eae80000)
 ParOldGen       total 194048K, used 192788K [0x00000000c0000000, 0x00000000cbd80000, 0x00000000eab00000)
  object space 194048K, 99% used [0x00000000c0000000,0x00000000cbc45248,0x00000000cbd80000)
 Metaspace       used 94348K, committed 95488K, reserved 1179648K
  class space    used 9116K, committed 9600K, reserved 1048576K
}
Event: 18082.196 GC heap before
{Heap before GC invocations=7393 (full 92):
 PSYoungGen      total 3072K, used 3040K [0x00000000eab00000, 0x00000000eb180000, 0x0000000100000000)
  eden space 1536K, 100% used [0x00000000eab00000,0x00000000eac80000,0x00000000eac80000)
  from space 1536K, 97% used [0x00000000eae80000,0x00000000eaff8040,0x00000000eb000000)
  to   space 2048K, 0% used [0x00000000eac80000,0x00000000eac80000,0x00000000eae80000)
 ParOldGen       total 194048K, used 192788K [0x00000000c0000000, 0x00000000cbd80000, 0x00000000eab00000)
  object space 194048K, 99% used [0x00000000c0000000,0x00000000cbc45248,0x00000000cbd80000)
 Metaspace       used 94348K, committed 95488K, reserved 1179648K
  class space    used 9116K, committed 9600K, reserved 1048576K
}
Event: 18082.199 GC heap after
{Heap after GC invocations=7393 (full 92):
 PSYoungGen      total 3584K, used 1360K [0x00000000eab00000, 0x00000000eb000000, 0x0000000100000000)
  eden space 1536K, 0% used [0x00000000eab00000,0x00000000eab00000,0x00000000eac80000)
  from space 2048K, 66% used [0x00000000eac80000,0x00000000eadd4050,0x00000000eae80000)
  to   space 1536K, 0% used [0x00000000eae80000,0x00000000eae80000,0x00000000eb000000)
 ParOldGen       total 194048K, used 193233K [0x00000000c0000000, 0x00000000cbd80000, 0x00000000eab00000)
  object space 194048K, 99% used [0x00000000c0000000,0x00000000cbcb46e8,0x00000000cbd80000)
 Metaspace       used 94348K, committed 95488K, reserved 1179648K
  class space    used 9116K, committed 9600K, reserved 1048576K
}
Event: 18082.206 GC heap before
{Heap before GC invocations=7394 (full 92):
 PSYoungGen      total 3584K, used 2896K [0x00000000eab00000, 0x00000000eb000000, 0x0000000100000000)
  eden space 1536K, 100% used [0x00000000eab00000,0x00000000eac80000,0x00000000eac80000)
  from space 2048K, 66% used [0x00000000eac80000,0x00000000eadd4050,0x00000000eae80000)
  to   space 1536K, 0% used [0x00000000eae80000,0x00000000eae80000,0x00000000eb000000)
 ParOldGen       total 194048K, used 193233K [0x00000000c0000000, 0x00000000cbd80000, 0x00000000eab00000)
  object space 194048K, 99% used [0x00000000c0000000,0x00000000cbcb46e8,0x00000000cbd80000)
 Metaspace       used 94348K, committed 95488K, reserved 1179648K
  class space    used 9116K, committed 9600K, reserved 1048576K
}
Event: 18082.208 GC heap after
{Heap after GC invocations=7394 (full 92):
 PSYoungGen      total 3584K, used 1312K [0x00000000eab00000, 0x00000000eb000000, 0x0000000100000000)
  eden space 2048K, 0% used [0x00000000eab00000,0x00000000eab00000,0x00000000ead00000)
  from space 1536K, 85% used [0x00000000eae80000,0x00000000eafc8040,0x00000000eb000000)
  to   space 1536K, 0% used [0x00000000ead00000,0x00000000ead00000,0x00000000eae80000)
 ParOldGen       total 194048K, used 193377K [0x00000000c0000000, 0x00000000cbd80000, 0x00000000eab00000)
  object space 194048K, 99% used [0x00000000c0000000,0x00000000cbcd86e8,0x00000000cbd80000)
 Metaspace       used 94348K, committed 95488K, reserved 1179648K
  class space    used 9116K, committed 9600K, reserved 1048576K
}
Event: 18082.303 GC heap before
{Heap before GC invocations=7395 (full 92):
 PSYoungGen      total 3584K, used 3360K [0x00000000eab00000, 0x00000000eb000000, 0x0000000100000000)
  eden space 2048K, 99% used [0x00000000eab00000,0x00000000eacffff8,0x00000000ead00000)
  from space 1536K, 85% used [0x00000000eae80000,0x00000000eafc8040,0x00000000eb000000)
  to   space 1536K, 0% used [0x00000000ead00000,0x00000000ead00000,0x00000000eae80000)
 ParOldGen       total 194048K, used 193377K [0x00000000c0000000, 0x00000000cbd80000, 0x00000000eab00000)
  object space 194048K, 99% used [0x00000000c0000000,0x00000000cbcd86e8,0x00000000cbd80000)
 Metaspace       used 94348K, committed 95488K, reserved 1179648K
  class space    used 9116K, committed 9600K, reserved 1048576K
}
Event: 18082.305 GC heap after
{Heap after GC invocations=7395 (full 92):
 PSYoungGen      total 3584K, used 1216K [0x00000000eab00000, 0x00000000eb080000, 0x0000000100000000)
  eden space 2048K, 0% used [0x00000000eab00000,0x00000000eab00000,0x00000000ead00000)
  from space 1536K, 79% used [0x00000000ead00000,0x00000000eae30020,0x00000000eae80000)
  to   space 1536K, 0% used [0x00000000eaf00000,0x00000000eaf00000,0x00000000eb080000)
 ParOldGen       total 194048K, used 193465K [0x00000000c0000000, 0x00000000cbd80000, 0x00000000eab00000)
  object space 194048K, 99% used [0x00000000c0000000,0x00000000cbcee6e8,0x00000000cbd80000)
 Metaspace       used 94348K, committed 95488K, reserved 1179648K
  class space    used 9116K, committed 9600K, reserved 1048576K
}
Event: 18082.319 GC heap before
{Heap before GC invocations=7396 (full 92):
 PSYoungGen      total 3584K, used 3264K [0x00000000eab00000, 0x00000000eb080000, 0x0000000100000000)
  eden space 2048K, 100% used [0x00000000eab00000,0x00000000ead00000,0x00000000ead00000)
  from space 1536K, 79% used [0x00000000ead00000,0x00000000eae30020,0x00000000eae80000)
  to   space 1536K, 0% used [0x00000000eaf00000,0x00000000eaf00000,0x00000000eb080000)
 ParOldGen       total 194048K, used 193465K [0x00000000c0000000, 0x00000000cbd80000, 0x00000000eab00000)
  object space 194048K, 99% used [0x00000000c0000000,0x00000000cbcee6e8,0x00000000cbd80000)
 Metaspace       used 94348K, committed 95488K, reserved 1179648K
  class space    used 9116K, committed 9600K, reserved 1048576K
}
Event: 18082.323 GC heap after
{Heap after GC invocations=7396 (full 92):
 PSYoungGen      total 2560K, used 1534K [0x00000000eab00000, 0x00000000eb380000, 0x0000000100000000)
  eden space 1024K, 0% used [0x00000000eab00000,0x00000000eab00000,0x00000000eac00000)
  from space 1536K, 99% used [0x00000000eaf00000,0x00000000eb07f8b0,0x00000000eb080000)
  to   space 3072K, 0% used [0x00000000eac00000,0x00000000eac00000,0x00000000eaf00000)
 ParOldGen       total 194560K, used 194518K [0x00000000c0000000, 0x00000000cbe00000, 0x00000000eab00000)
  object space 194560K, 99% used [0x00000000c0000000,0x00000000cbdf5ba8,0x00000000cbe00000)
 Metaspace       used 94348K, committed 95488K, reserved 1179648K
  class space    used 9116K, committed 9600K, reserved 1048576K
}
Event: 18082.323 GC heap before
{Heap before GC invocations=7397 (full 93):
 PSYoungGen      total 2560K, used 1534K [0x00000000eab00000, 0x00000000eb380000, 0x0000000100000000)
  eden space 1024K, 0% used [0x00000000eab00000,0x00000000eab00000,0x00000000eac00000)
  from space 1536K, 99% used [0x00000000eaf00000,0x00000000eb07f8b0,0x00000000eb080000)
  to   space 3072K, 0% used [0x00000000eac00000,0x00000000eac00000,0x00000000eaf00000)
 ParOldGen       total 194560K, used 194518K [0x00000000c0000000, 0x00000000cbe00000, 0x00000000eab00000)
  object space 194560K, 99% used [0x00000000c0000000,0x00000000cbdf5ba8,0x00000000cbe00000)
 Metaspace       used 94348K, committed 95488K, reserved 1179648K
  class space    used 9116K, committed 9600K, reserved 1048576K
}

