# JRE version: OpenJDK Runtime Environment Temurin-17.0.10+7 (17.0.10+7) (build 17.0.10+7)
# Java VM: OpenJDK 64-Bit Server VM Temurin-17.0.10+7 (17.0.10+7, mixed mode, tiered, compressed oops, compressed class ptrs, parallel gc, windows-amd64)
GC Precious Log:
 CPUs: 8 total, 8 available
 Memory: 15977M
 Large Page Support: Disabled
 NUMA Support: Disabled
 Compressed Oops: Enabled (32-bit)
 Alignments: Space 512K, Generation 512K, Heap 2M
 Heap Min Capacity: 100M
 Heap Initial Capacity: 100M
 Heap Max Capacity: 1G
 Pre-touch: Disabled
 Parallel Workers: 8
Heap:
 PSYoungGen      total 1536K, used 1016K [0x00000000eab00000, 0x00000000eb600000, 0x0000000100000000)
  eden space 512K, 0% used [0x00000000eab00000,0x00000000eab00000,0x00000000eab80000)
  from space 1024K, 99% used [0x00000000eaf00000,0x00000000eaffe200,0x00000000eb000000)
  to   space 3584K, 0% used [0x00000000eab80000,0x00000000eab80000,0x00000000eaf00000)
 ParOldGen       total 70656K, used 70145K [0x00000000c0000000, 0x00000000c4500000, 0x00000000eab00000)
  object space 70656K, 99% used [0x00000000c0000000,0x00000000c4480428,0x00000000c4500000)
 Metaspace       used 83968K, committed 85120K, reserved 1179648K
  class space    used 8672K, committed 9152K, reserved 1048576K
GC Heap History (20 events):
Event: 1378.607 GC heap after
{Heap after GC invocations=728 (full 16):
 PSYoungGen      total 3584K, used 1600K [0x00000000eab00000, 0x00000000eb100000, 0x0000000100000000)
  eden space 1536K, 0% used [0x00000000eab00000,0x00000000eab00000,0x00000000eac80000)
  from space 2048K, 78% used [0x00000000eac80000,0x00000000eae10000,0x00000000eae80000)
  to   space 2048K, 0% used [0x00000000eaf00000,0x00000000eaf00000,0x00000000eb100000)
 ParOldGen       total 69632K, used 61484K [0x00000000c0000000, 0x00000000c4400000, 0x00000000eab00000)
  object space 69632K, 88% used [0x00000000c0000000,0x00000000c3c0b168,0x00000000c4400000)
 Metaspace       used 83960K, committed 85120K, reserved 1179648K
  class space    used 8672K, committed 9152K, reserved 1048576K
}
Event: 1378.613 GC heap before
{Heap before GC invocations=729 (full 16):
 PSYoungGen      total 3584K, used 3135K [0x00000000eab00000, 0x00000000eb100000, 0x0000000100000000)
  eden space 1536K, 99% used [0x00000000eab00000,0x00000000eac7ffa0,0x00000000eac80000)
  from space 2048K, 78% used [0x00000000eac80000,0x00000000eae10000,0x00000000eae80000)
  to   space 2048K, 0% used [0x00000000eaf00000,0x00000000eaf00000,0x00000000eb100000)
 ParOldGen       total 69632K, used 61484K [0x00000000c0000000, 0x00000000c4400000, 0x00000000eab00000)
  object space 69632K, 88% used [0x00000000c0000000,0x00000000c3c0b168,0x00000000c4400000)
 Metaspace       used 83960K, committed 85120K, reserved 1179648K
  class space    used 8672K, committed 9152K, reserved 1048576K
}
Event: 1378.615 GC heap after
{Heap after GC invocations=729 (full 16):
 PSYoungGen      total 4096K, used 1600K [0x00000000eab00000, 0x00000000eb100000, 0x0000000100000000)
  eden space 2048K, 0% used [0x00000000eab00000,0x00000000eab00000,0x00000000ead00000)
  from space 2048K, 78% used [0x00000000eaf00000,0x00000000eb090000,0x00000000eb100000)
  to   space 2048K, 0% used [0x00000000ead00000,0x00000000ead00000,0x00000000eaf00000)
 ParOldGen       total 69632K, used 63020K [0x00000000c0000000, 0x00000000c4400000, 0x00000000eab00000)
  object space 69632K, 90% used [0x00000000c0000000,0x00000000c3d8b168,0x00000000c4400000)
 Metaspace       used 83960K, committed 85120K, reserved 1179648K
  class space    used 8672K, committed 9152K, reserved 1048576K
}
Event: 1378.621 GC heap before
{Heap before GC invocations=730 (full 16):
 PSYoungGen      total 4096K, used 3648K [0x00000000eab00000, 0x00000000eb100000, 0x0000000100000000)
  eden space 2048K, 100% used [0x00000000eab00000,0x00000000ead00000,0x00000000ead00000)
  from space 2048K, 78% used [0x00000000eaf00000,0x00000000eb090000,0x00000000eb100000)
  to   space 2048K, 0% used [0x00000000ead00000,0x00000000ead00000,0x00000000eaf00000)
 ParOldGen       total 69632K, used 63020K [0x00000000c0000000, 0x00000000c4400000, 0x00000000eab00000)
  object space 69632K, 90% used [0x00000000c0000000,0x00000000c3d8b168,0x00000000c4400000)
 Metaspace       used 83960K, committed 85120K, reserved 1179648K
  class space    used 8672K, committed 9152K, reserved 1048576K
}
Event: 1378.622 GC heap after
{Heap after GC invocations=730 (full 16):
 PSYoungGen      total 4096K, used 1920K [0x00000000eab00000, 0x00000000eb180000, 0x0000000100000000)
  eden space 2048K, 0% used [0x00000000eab00000,0x00000000eab00000,0x00000000ead00000)
  from space 2048K, 93% used [0x00000000ead00000,0x00000000eaee0000,0x00000000eaf00000)
  to   space 2048K, 0% used [0x00000000eaf80000,0x00000000eaf80000,0x00000000eb180000)
 ParOldGen       total 69632K, used 64564K [0x00000000c0000000, 0x00000000c4400000, 0x00000000eab00000)
  object space 69632K, 92% used [0x00000000c0000000,0x00000000c3f0d168,0x00000000c4400000)
 Metaspace       used 83960K, committed 85120K, reserved 1179648K
  class space    used 8672K, committed 9152K, reserved 1048576K
}
Event: 1378.626 GC heap before
{Heap before GC invocations=731 (full 16):
 PSYoungGen      total 4096K, used 3966K [0x00000000eab00000, 0x00000000eb180000, 0x0000000100000000)
  eden space 2048K, 99% used [0x00000000eab00000,0x00000000eacffb60,0x00000000ead00000)
  from space 2048K, 93% used [0x00000000ead00000,0x00000000eaee0000,0x00000000eaf00000)
  to   space 2048K, 0% used [0x00000000eaf80000,0x00000000eaf80000,0x00000000eb180000)
 ParOldGen       total 69632K, used 64564K [0x00000000c0000000, 0x00000000c4400000, 0x00000000eab00000)
  object space 69632K, 92% used [0x00000000c0000000,0x00000000c3f0d168,0x00000000c4400000)
 Metaspace       used 83961K, committed 85120K, reserved 1179648K
  class space    used 8672K, committed 9152K, reserved 1048576K
}
Event: 1378.628 GC heap after
{Heap after GC invocations=731 (full 16):
 PSYoungGen      total 3072K, used 416K [0x00000000eab00000, 0x00000000eb000000, 0x0000000100000000)
  eden space 2560K, 0% used [0x00000000eab00000,0x00000000eab00000,0x00000000ead80000)
  from space 512K, 81% used [0x00000000eaf80000,0x00000000eafe8000,0x00000000eb000000)
  to   space 1024K, 0% used [0x00000000eae00000,0x00000000eae00000,0x00000000eaf00000)
 ParOldGen       total 69632K, used 66330K [0x00000000c0000000, 0x00000000c4400000, 0x00000000eab00000)
  object space 69632K, 95% used [0x00000000c0000000,0x00000000c40c6ba8,0x00000000c4400000)
 Metaspace       used 83961K, committed 85120K, reserved 1179648K
  class space    used 8672K, committed 9152K, reserved 1048576K
}
Event: 1378.632 GC heap before
{Heap before GC invocations=732 (full 16):
 PSYoungGen      total 3072K, used 2976K [0x00000000eab00000, 0x00000000eb000000, 0x0000000100000000)
  eden space 2560K, 100% used [0x00000000eab00000,0x00000000ead80000,0x00000000ead80000)
  from space 512K, 81% used [0x00000000eaf80000,0x00000000eafe8000,0x00000000eb000000)
  to   space 1024K, 0% used [0x00000000eae00000,0x00000000eae00000,0x00000000eaf00000)
 ParOldGen       total 69632K, used 66330K [0x00000000c0000000, 0x00000000c4400000, 0x00000000eab00000)
  object space 69632K, 95% used [0x00000000c0000000,0x00000000c40c6ba8,0x00000000c4400000)
 Metaspace       used 83964K, committed 85120K, reserved 1179648K
  class space    used 8672K, committed 9152K, reserved 1048576K
}
Event: 1378.632 GC heap after
{Heap after GC invocations=732 (full 16):
 PSYoungGen      total 4096K, used 480K [0x00000000eab00000, 0x00000000eb000000, 0x0000000100000000)
  eden space 3072K, 0% used [0x00000000eab00000,0x00000000eab00000,0x00000000eae00000)
  from space 1024K, 46% used [0x00000000eae00000,0x00000000eae78020,0x00000000eaf00000)
  to   space 1024K, 0% used [0x00000000eaf00000,0x00000000eaf00000,0x00000000eb000000)
 ParOldGen       total 69632K, used 66705K [0x00000000c0000000, 0x00000000c4400000, 0x00000000eab00000)
  object space 69632K, 95% used [0x00000000c0000000,0x00000000c4124608,0x00000000c4400000)
 Metaspace       used 83964K, committed 85120K, reserved 1179648K
  class space    used 8672K, committed 9152K, reserved 1048576K
}
Event: 1378.766 GC heap before
{Heap before GC invocations=733 (full 16):
 PSYoungGen      total 4096K, used 3552K [0x00000000eab00000, 0x00000000eb000000, 0x0000000100000000)
  eden space 3072K, 99% used [0x00000000eab00000,0x00000000eadfffe8,0x00000000eae00000)
  from space 1024K, 46% used [0x00000000eae00000,0x00000000eae78020,0x00000000eaf00000)
  to   space 1024K, 0% used [0x00000000eaf00000,0x00000000eaf00000,0x00000000eb000000)
 ParOldGen       total 69632K, used 66705K [0x00000000c0000000, 0x00000000c4400000, 0x00000000eab00000)
  object space 69632K, 95% used [0x00000000c0000000,0x00000000c4124608,0x00000000c4400000)
 Metaspace       used 83964K, committed 85120K, reserved 1179648K
  class space    used 8672K, committed 9152K, reserved 1048576K
}
Event: 1378.768 GC heap after
{Heap after GC invocations=733 (full 16):
 PSYoungGen      total 3584K, used 400K [0x00000000eab00000, 0x00000000eaf80000, 0x0000000100000000)
  eden space 3072K, 0% used [0x00000000eab00000,0x00000000eab00000,0x00000000eae00000)
  from space 512K, 78% used [0x00000000eaf00000,0x00000000eaf64010,0x00000000eaf80000)
  to   space 512K, 0% used [0x00000000eae80000,0x00000000eae80000,0x00000000eaf00000)
 ParOldGen       total 69632K, used 66849K [0x00000000c0000000, 0x00000000c4400000, 0x00000000eab00000)
  object space 69632K, 96% used [0x00000000c0000000,0x00000000c4148608,0x00000000c4400000)
 Metaspace       used 83964K, committed 85120K, reserved 1179648K
  class space    used 8672K, committed 9152K, reserved 1048576K
}
Event: 1380.108 GC heap before
{Heap before GC invocations=734 (full 16):
 PSYoungGen      total 3584K, used 3472K [0x00000000eab00000, 0x00000000eaf80000, 0x0000000100000000)
  eden space 3072K, 100% used [0x00000000eab00000,0x00000000eae00000,0x00000000eae00000)
  from space 512K, 78% used [0x00000000eaf00000,0x00000000eaf64010,0x00000000eaf80000)
  to   space 512K, 0% used [0x00000000eae80000,0x00000000eae80000,0x00000000eaf00000)
 ParOldGen       total 69632K, used 66849K [0x00000000c0000000, 0x00000000c4400000, 0x00000000eab00000)
  object space 69632K, 96% used [0x00000000c0000000,0x00000000c4148608,0x00000000c4400000)
 Metaspace       used 83964K, committed 85120K, reserved 1179648K
  class space    used 8672K, committed 9152K, reserved 1048576K
}
Event: 1380.110 GC heap after
{Heap after GC invocations=734 (full 16):
 PSYoungGen      total 3584K, used 480K [0x00000000eab00000, 0x00000000eb000000, 0x0000000100000000)
  eden space 3072K, 0% used [0x00000000eab00000,0x00000000eab00000,0x00000000eae00000)
  from space 512K, 93% used [0x00000000eae80000,0x00000000eaef8020,0x00000000eaf00000)
  to   space 1024K, 0% used [0x00000000eaf00000,0x00000000eaf00000,0x00000000eb000000)
 ParOldGen       total 69632K, used 67253K [0x00000000c0000000, 0x00000000c4400000, 0x00000000eab00000)
  object space 69632K, 96% used [0x00000000c0000000,0x00000000c41ad4e8,0x00000000c4400000)
 Metaspace       used 83964K, committed 85120K, reserved 1179648K
  class space    used 8672K, committed 9152K, reserved 1048576K
}
Event: 1380.413 GC heap before
{Heap before GC invocations=735 (full 16):
 PSYoungGen      total 3584K, used 3551K [0x00000000eab00000, 0x00000000eb000000, 0x0000000100000000)
  eden space 3072K, 99% used [0x00000000eab00000,0x00000000eadfffd0,0x00000000eae00000)
  from space 512K, 93% used [0x00000000eae80000,0x00000000eaef8020,0x00000000eaf00000)
  to   space 1024K, 0% used [0x00000000eaf00000,0x00000000eaf00000,0x00000000eb000000)
 ParOldGen       total 69632K, used 67253K [0x00000000c0000000, 0x00000000c4400000, 0x00000000eab00000)
  object space 69632K, 96% used [0x00000000c0000000,0x00000000c41ad4e8,0x00000000c4400000)
 Metaspace       used 83966K, committed 85120K, reserved 1179648K
  class space    used 8672K, committed 9152K, reserved 1048576K
}
Event: 1380.415 GC heap after
{Heap after GC invocations=735 (full 16):
 PSYoungGen      total 4096K, used 592K [0x00000000eab00000, 0x00000000eb000000, 0x0000000100000000)
  eden space 3072K, 0% used [0x00000000eab00000,0x00000000eab00000,0x00000000eae00000)
  from space 1024K, 57% used [0x00000000eaf00000,0x00000000eaf94030,0x00000000eb000000)
  to   space 1024K, 0% used [0x00000000eae00000,0x00000000eae00000,0x00000000eaf00000)
 ParOldGen       total 69632K, used 67747K [0x00000000c0000000, 0x00000000c4400000, 0x00000000eab00000)
  object space 69632K, 97% used [0x00000000c0000000,0x00000000c4228f48,0x00000000c4400000)
 Metaspace       used 83966K, committed 85120K, reserved 1179648K
  class space    used 8672K, committed 9152K, reserved 1048576K
}
Event: 1380.681 GC heap before
{Heap before GC invocations=736 (full 16):
 PSYoungGen      total 4096K, used 3663K [0x00000000eab00000, 0x00000000eb000000, 0x0000000100000000)
  eden space 3072K, 99% used [0x00000000eab00000,0x00000000eadfffb8,0x00000000eae00000)
  from space 1024K, 57% used [0x00000000eaf00000,0x00000000eaf94030,0x00000000eb000000)
  to   space 1024K, 0% used [0x00000000eae00000,0x00000000eae00000,0x00000000eaf00000)
 ParOldGen       total 69632K, used 67747K [0x00000000c0000000, 0x00000000c4400000, 0x00000000eab00000)
  object space 69632K, 97% used [0x00000000c0000000,0x00000000c4228f48,0x00000000c4400000)
 Metaspace       used 83967K, committed 85120K, reserved 1179648K
  class space    used 8672K, committed 9152K, reserved 1048576K
}
Event: 1380.681 GC heap after
{Heap after GC invocations=736 (full 16):
 PSYoungGen      total 4096K, used 752K [0x00000000eab00000, 0x00000000eb000000, 0x0000000100000000)
  eden space 3072K, 0% used [0x00000000eab00000,0x00000000eab00000,0x00000000eae00000)
  from space 1024K, 73% used [0x00000000eae00000,0x00000000eaebc050,0x00000000eaf00000)
  to   space 1024K, 0% used [0x00000000eaf00000,0x00000000eaf00000,0x00000000eb000000)
 ParOldGen       total 69632K, used 67811K [0x00000000c0000000, 0x00000000c4400000, 0x00000000eab00000)
  object space 69632K, 97% used [0x00000000c0000000,0x00000000c4238f48,0x00000000c4400000)
 Metaspace       used 83967K, committed 85120K, reserved 1179648K
  class space    used 8672K, committed 9152K, reserved 1048576K
}
Event: 1380.687 GC heap before
{Heap before GC invocations=737 (full 16):
 PSYoungGen      total 4096K, used 3824K [0x00000000eab00000, 0x00000000eb000000, 0x0000000100000000)
  eden space 3072K, 100% used [0x00000000eab00000,0x00000000eae00000,0x00000000eae00000)
  from space 1024K, 73% used [0x00000000eae00000,0x00000000eaebc050,0x00000000eaf00000)
  to   space 1024K, 0% used [0x00000000eaf00000,0x00000000eaf00000,0x00000000eb000000)
 ParOldGen       total 69632K, used 67811K [0x00000000c0000000, 0x00000000c4400000, 0x00000000eab00000)
  object space 69632K, 97% used [0x00000000c0000000,0x00000000c4238f48,0x00000000c4400000)
 Metaspace       used 83968K, committed 85120K, reserved 1179648K
  class space    used 8672K, committed 9152K, reserved 1048576K
}
Event: 1380.688 GC heap after
{Heap after GC invocations=737 (full 16):
 PSYoungGen      total 1536K, used 1016K [0x00000000eab00000, 0x00000000eb600000, 0x0000000100000000)
  eden space 512K, 0% used [0x00000000eab00000,0x00000000eab00000,0x00000000eab80000)
  from space 1024K, 99% used [0x00000000eaf00000,0x00000000eaffe200,0x00000000eb000000)
  to   space 3584K, 0% used [0x00000000eab80000,0x00000000eab80000,0x00000000eaf00000)
 ParOldGen       total 70656K, used 70145K [0x00000000c0000000, 0x00000000c4500000, 0x00000000eab00000)
  object space 70656K, 99% used [0x00000000c0000000,0x00000000c4480428,0x00000000c4500000)
 Metaspace       used 83968K, committed 85120K, reserved 1179648K
  class space    used 8672K, committed 9152K, reserved 1048576K
}
Event: 1380.688 GC heap before
{Heap before GC invocations=738 (full 17):
 PSYoungGen      total 1536K, used 1016K [0x00000000eab00000, 0x00000000eb600000, 0x0000000100000000)
  eden space 512K, 0% used [0x00000000eab00000,0x00000000eab00000,0x00000000eab80000)
  from space 1024K, 99% used [0x00000000eaf00000,0x00000000eaffe200,0x00000000eb000000)
  to   space 3584K, 0% used [0x00000000eab80000,0x00000000eab80000,0x00000000eaf00000)
 ParOldGen       total 70656K, used 70145K [0x00000000c0000000, 0x00000000c4500000, 0x00000000eab00000)
  object space 70656K, 99% used [0x00000000c0000000,0x00000000c4480428,0x00000000c4500000)
 Metaspace       used 83968K, committed 85120K, reserved 1179648K
  class space    used 8672K, committed 9152K, reserved 1048576K
}

