# JRE version: OpenJDK Runtime Environment Temurin-17.0.10+7 (17.0.10+7) (build 17.0.10+7)
# Java VM: OpenJDK 64-Bit Server VM Temurin-17.0.10+7 (17.0.10+7, mixed mode, tiered, compressed oops, compressed class ptrs, parallel gc, windows-amd64)
GC Precious Log:
 CPUs: 8 total, 8 available
 Memory: 15977M
 Large Page Support: Disabled
 NUMA Support: Disabled
 Compressed Oops: Enabled (32-bit)
 Alignments: Space 512K, Generation 512K, Heap 2M
 Heap Min Capacity: 100M
 Heap Initial Capacity: 100M
 Heap Max Capacity: 1G
 Pre-touch: Disabled
 Parallel Workers: 8
Heap:
 PSYoungGen      total 18432K, used 2551K [0x00000000eab00000, 0x00000000eca80000, 0x0000000100000000)
  eden space 15872K, 0% used [0x00000000eab00000,0x00000000eab00000,0x00000000eba80000)
  from space 2560K, 99% used [0x00000000eba80000,0x00000000ebcfdea0,0x00000000ebd00000)
  to   space 8192K, 0% used [0x00000000ec280000,0x00000000ec280000,0x00000000eca80000)
 ParOldGen       total 129024K, used 128969K [0x00000000c0000000, 0x00000000c7e00000, 0x00000000eab00000)
  object space 129024K, 99% used [0x00000000c0000000,0x00000000c7df2428,0x00000000c7e00000)
 Metaspace       used 91814K, committed 93056K, reserved 1179648K
  class space    used 9005K, committed 9536K, reserved 1048576K
GC Heap History (20 events):
Event: 61086.408 GC heap after
{Heap after GC invocations=5441 (full 99):
 PSYoungGen      total 20992K, used 2430K [0x00000000eab00000, 0x00000000ec300000, 0x0000000100000000)
  eden space 18432K, 0% used [0x00000000eab00000,0x00000000eab00000,0x00000000ebd00000)
  from space 2560K, 94% used [0x00000000ec080000,0x00000000ec2df870,0x00000000ec300000)
  to   space 2560K, 0% used [0x00000000ebd00000,0x00000000ebd00000,0x00000000ebf80000)
 ParOldGen       total 128512K, used 118113K [0x00000000c0000000, 0x00000000c7d80000, 0x00000000eab00000)
  object space 128512K, 91% used [0x00000000c0000000,0x00000000c7358400,0x00000000c7d80000)
 Metaspace       used 91776K, committed 93056K, reserved 1179648K
  class space    used 9005K, committed 9536K, reserved 1048576K
}
Event: 67540.908 GC heap before
{Heap before GC invocations=5442 (full 99):
 PSYoungGen      total 20992K, used 20862K [0x00000000eab00000, 0x00000000ec300000, 0x0000000100000000)
  eden space 18432K, 100% used [0x00000000eab00000,0x00000000ebd00000,0x00000000ebd00000)
  from space 2560K, 94% used [0x00000000ec080000,0x00000000ec2df870,0x00000000ec300000)
  to   space 2560K, 0% used [0x00000000ebd00000,0x00000000ebd00000,0x00000000ebf80000)
 ParOldGen       total 128512K, used 118113K [0x00000000c0000000, 0x00000000c7d80000, 0x00000000eab00000)
  object space 128512K, 91% used [0x00000000c0000000,0x00000000c7358400,0x00000000c7d80000)
 Metaspace       used 91795K, committed 93056K, reserved 1179648K
  class space    used 9005K, committed 9536K, reserved 1048576K
}
Event: 67540.914 GC heap after
{Heap after GC invocations=5442 (full 99):
 PSYoungGen      total 20992K, used 2003K [0x00000000eab00000, 0x00000000ec200000, 0x0000000100000000)
  eden space 18432K, 0% used [0x00000000eab00000,0x00000000eab00000,0x00000000ebd00000)
  from space 2560K, 78% used [0x00000000ebd00000,0x00000000ebef4eb0,0x00000000ebf80000)
  to   space 2560K, 0% used [0x00000000ebf80000,0x00000000ebf80000,0x00000000ec200000)
 ParOldGen       total 128512K, used 118121K [0x00000000c0000000, 0x00000000c7d80000, 0x00000000eab00000)
  object space 128512K, 91% used [0x00000000c0000000,0x00000000c735a400,0x00000000c7d80000)
 Metaspace       used 91795K, committed 93056K, reserved 1179648K
  class space    used 9005K, committed 9536K, reserved 1048576K
}
Event: 67544.273 GC heap before
{Heap before GC invocations=5443 (full 99):
 PSYoungGen      total 20992K, used 20435K [0x00000000eab00000, 0x00000000ec200000, 0x0000000100000000)
  eden space 18432K, 100% used [0x00000000eab00000,0x00000000ebd00000,0x00000000ebd00000)
  from space 2560K, 78% used [0x00000000ebd00000,0x00000000ebef4eb0,0x00000000ebf80000)
  to   space 2560K, 0% used [0x00000000ebf80000,0x00000000ebf80000,0x00000000ec200000)
 ParOldGen       total 128512K, used 118121K [0x00000000c0000000, 0x00000000c7d80000, 0x00000000eab00000)
  object space 128512K, 91% used [0x00000000c0000000,0x00000000c735a400,0x00000000c7d80000)
 Metaspace       used 91795K, committed 93056K, reserved 1179648K
  class space    used 9005K, committed 9536K, reserved 1048576K
}
Event: 67544.280 GC heap after
{Heap after GC invocations=5443 (full 99):
 PSYoungGen      total 20480K, used 1884K [0x00000000eab00000, 0x00000000ec180000, 0x0000000100000000)
  eden space 18432K, 0% used [0x00000000eab00000,0x00000000eab00000,0x00000000ebd00000)
  from space 2048K, 91% used [0x00000000ebf80000,0x00000000ec157060,0x00000000ec180000)
  to   space 2048K, 0% used [0x00000000ebd80000,0x00000000ebd80000,0x00000000ebf80000)
 ParOldGen       total 128512K, used 118446K [0x00000000c0000000, 0x00000000c7d80000, 0x00000000eab00000)
  object space 128512K, 92% used [0x00000000c0000000,0x00000000c73ab8a0,0x00000000c7d80000)
 Metaspace       used 91795K, committed 93056K, reserved 1179648K
  class space    used 9005K, committed 9536K, reserved 1048576K
}
Event: 67550.203 GC heap before
{Heap before GC invocations=5444 (full 99):
 PSYoungGen      total 20480K, used 20316K [0x00000000eab00000, 0x00000000ec180000, 0x0000000100000000)
  eden space 18432K, 100% used [0x00000000eab00000,0x00000000ebd00000,0x00000000ebd00000)
  from space 2048K, 91% used [0x00000000ebf80000,0x00000000ec157060,0x00000000ec180000)
  to   space 2048K, 0% used [0x00000000ebd80000,0x00000000ebd80000,0x00000000ebf80000)
 ParOldGen       total 128512K, used 118446K [0x00000000c0000000, 0x00000000c7d80000, 0x00000000eab00000)
  object space 128512K, 92% used [0x00000000c0000000,0x00000000c73ab8a0,0x00000000c7d80000)
 Metaspace       used 91795K, committed 93056K, reserved 1179648K
  class space    used 9005K, committed 9536K, reserved 1048576K
}
Event: 67550.212 GC heap after
{Heap after GC invocations=5444 (full 99):
 PSYoungGen      total 20480K, used 2044K [0x00000000eab00000, 0x00000000ec600000, 0x0000000100000000)
  eden space 18432K, 0% used [0x00000000eab00000,0x00000000eab00000,0x00000000ebd00000)
  from space 2048K, 99% used [0x00000000ebd80000,0x00000000ebf7f080,0x00000000ebf80000)
  to   space 4608K, 0% used [0x00000000ec180000,0x00000000ec180000,0x00000000ec600000)
 ParOldGen       total 128512K, used 120582K [0x00000000c0000000, 0x00000000c7d80000, 0x00000000eab00000)
  object space 128512K, 93% used [0x00000000c0000000,0x00000000c75c18c0,0x00000000c7d80000)
 Metaspace       used 91795K, committed 93056K, reserved 1179648K
  class space    used 9005K, committed 9536K, reserved 1048576K
}
Event: 67551.019 GC heap before
{Heap before GC invocations=5445 (full 99):
 PSYoungGen      total 20480K, used 20476K [0x00000000eab00000, 0x00000000ec600000, 0x0000000100000000)
  eden space 18432K, 100% used [0x00000000eab00000,0x00000000ebd00000,0x00000000ebd00000)
  from space 2048K, 99% used [0x00000000ebd80000,0x00000000ebf7f080,0x00000000ebf80000)
  to   space 4608K, 0% used [0x00000000ec180000,0x00000000ec180000,0x00000000ec600000)
 ParOldGen       total 128512K, used 120582K [0x00000000c0000000, 0x00000000c7d80000, 0x00000000eab00000)
  object space 128512K, 93% used [0x00000000c0000000,0x00000000c75c18c0,0x00000000c7d80000)
 Metaspace       used 91796K, committed 93056K, reserved 1179648K
  class space    used 9005K, committed 9536K, reserved 1048576K
}
Event: 67551.021 GC heap after
{Heap after GC invocations=5445 (full 99):
 PSYoungGen      total 18944K, used 403K [0x00000000eab00000, 0x00000000ec200000, 0x0000000100000000)
  eden space 18432K, 0% used [0x00000000eab00000,0x00000000eab00000,0x00000000ebd00000)
  from space 512K, 78% used [0x00000000ec180000,0x00000000ec1e4e50,0x00000000ec200000)
  to   space 2048K, 0% used [0x00000000ebe00000,0x00000000ebe00000,0x00000000ec000000)
 ParOldGen       total 128512K, used 120862K [0x00000000c0000000, 0x00000000c7d80000, 0x00000000eab00000)
  object space 128512K, 94% used [0x00000000c0000000,0x00000000c76078c0,0x00000000c7d80000)
 Metaspace       used 91796K, committed 93056K, reserved 1179648K
  class space    used 9005K, committed 9536K, reserved 1048576K
}
Event: 67551.715 GC heap before
{Heap before GC invocations=5446 (full 99):
 PSYoungGen      total 18944K, used 17323K [0x00000000eab00000, 0x00000000ec200000, 0x0000000100000000)
  eden space 18432K, 91% used [0x00000000eab00000,0x00000000ebb86048,0x00000000ebd00000)
  from space 512K, 78% used [0x00000000ec180000,0x00000000ec1e4e50,0x00000000ec200000)
  to   space 2048K, 0% used [0x00000000ebe00000,0x00000000ebe00000,0x00000000ec000000)
 ParOldGen       total 128512K, used 120862K [0x00000000c0000000, 0x00000000c7d80000, 0x00000000eab00000)
  object space 128512K, 94% used [0x00000000c0000000,0x00000000c76078c0,0x00000000c7d80000)
 Metaspace       used 91799K, committed 93056K, reserved 1179648K
  class space    used 9005K, committed 9536K, reserved 1048576K
}
Event: 67551.716 GC heap after
{Heap after GC invocations=5446 (full 99):
 PSYoungGen      total 20480K, used 1235K [0x00000000eab00000, 0x00000000ec200000, 0x0000000100000000)
  eden space 18432K, 0% used [0x00000000eab00000,0x00000000eab00000,0x00000000ebd00000)
  from space 2048K, 60% used [0x00000000ebe00000,0x00000000ebf34e90,0x00000000ec000000)
  to   space 1536K, 0% used [0x00000000ec080000,0x00000000ec080000,0x00000000ec200000)
 ParOldGen       total 128512K, used 120862K [0x00000000c0000000, 0x00000000c7d80000, 0x00000000eab00000)
  object space 128512K, 94% used [0x00000000c0000000,0x00000000c76078c0,0x00000000c7d80000)
 Metaspace       used 91799K, committed 93056K, reserved 1179648K
  class space    used 9005K, committed 9536K, reserved 1048576K
}
Event: 67552.121 GC heap before
{Heap before GC invocations=5447 (full 99):
 PSYoungGen      total 20480K, used 19667K [0x00000000eab00000, 0x00000000ec200000, 0x0000000100000000)
  eden space 18432K, 100% used [0x00000000eab00000,0x00000000ebd00000,0x00000000ebd00000)
  from space 2048K, 60% used [0x00000000ebe00000,0x00000000ebf34e90,0x00000000ec000000)
  to   space 1536K, 0% used [0x00000000ec080000,0x00000000ec080000,0x00000000ec200000)
 ParOldGen       total 128512K, used 120862K [0x00000000c0000000, 0x00000000c7d80000, 0x00000000eab00000)
  object space 128512K, 94% used [0x00000000c0000000,0x00000000c76078c0,0x00000000c7d80000)
 Metaspace       used 91812K, committed 93056K, reserved 1179648K
  class space    used 9005K, committed 9536K, reserved 1048576K
}
Event: 67552.130 GC heap after
{Heap after GC invocations=5447 (full 99):
 PSYoungGen      total 17408K, used 1521K [0x00000000eab00000, 0x00000000ec900000, 0x0000000100000000)
  eden space 15872K, 0% used [0x00000000eab00000,0x00000000eab00000,0x00000000eba80000)
  from space 1536K, 99% used [0x00000000ec080000,0x00000000ec1fc740,0x00000000ec200000)
  to   space 6144K, 0% used [0x00000000eba80000,0x00000000eba80000,0x00000000ec080000)
 ParOldGen       total 128512K, used 124323K [0x00000000c0000000, 0x00000000c7d80000, 0x00000000eab00000)
  object space 128512K, 96% used [0x00000000c0000000,0x00000000c7968d60,0x00000000c7d80000)
 Metaspace       used 91812K, committed 93056K, reserved 1179648K
  class space    used 9005K, committed 9536K, reserved 1048576K
}
Event: 67552.581 GC heap before
{Heap before GC invocations=5448 (full 99):
 PSYoungGen      total 17408K, used 17393K [0x00000000eab00000, 0x00000000ec900000, 0x0000000100000000)
  eden space 15872K, 100% used [0x00000000eab00000,0x00000000eba80000,0x00000000eba80000)
  from space 1536K, 99% used [0x00000000ec080000,0x00000000ec1fc740,0x00000000ec200000)
  to   space 6144K, 0% used [0x00000000eba80000,0x00000000eba80000,0x00000000ec080000)
 ParOldGen       total 128512K, used 124323K [0x00000000c0000000, 0x00000000c7d80000, 0x00000000eab00000)
  object space 128512K, 96% used [0x00000000c0000000,0x00000000c7968d60,0x00000000c7d80000)
 Metaspace       used 91812K, committed 93056K, reserved 1179648K
  class space    used 9005K, committed 9536K, reserved 1048576K
}
Event: 67552.585 GC heap after
{Heap after GC invocations=5448 (full 99):
 PSYoungGen      total 18432K, used 2216K [0x00000000eab00000, 0x00000000ec180000, 0x0000000100000000)
  eden space 15872K, 0% used [0x00000000eab00000,0x00000000eab00000,0x00000000eba80000)
  from space 2560K, 86% used [0x00000000eba80000,0x00000000ebcaa2b0,0x00000000ebd00000)
  to   space 3584K, 0% used [0x00000000ebe00000,0x00000000ebe00000,0x00000000ec180000)
 ParOldGen       total 128512K, used 124331K [0x00000000c0000000, 0x00000000c7d80000, 0x00000000eab00000)
  object space 128512K, 96% used [0x00000000c0000000,0x00000000c796ad60,0x00000000c7d80000)
 Metaspace       used 91812K, committed 93056K, reserved 1179648K
  class space    used 9005K, committed 9536K, reserved 1048576K
}
Event: 67553.694 GC heap before
{Heap before GC invocations=5449 (full 99):
 PSYoungGen      total 18432K, used 18088K [0x00000000eab00000, 0x00000000ec180000, 0x0000000100000000)
  eden space 15872K, 100% used [0x00000000eab00000,0x00000000eba80000,0x00000000eba80000)
  from space 2560K, 86% used [0x00000000eba80000,0x00000000ebcaa2b0,0x00000000ebd00000)
  to   space 3584K, 0% used [0x00000000ebe00000,0x00000000ebe00000,0x00000000ec180000)
 ParOldGen       total 128512K, used 124331K [0x00000000c0000000, 0x00000000c7d80000, 0x00000000eab00000)
  object space 128512K, 96% used [0x00000000c0000000,0x00000000c796ad60,0x00000000c7d80000)
 Metaspace       used 91813K, committed 93056K, reserved 1179648K
  class space    used 9005K, committed 9536K, reserved 1048576K
}
Event: 67553.699 GC heap after
{Heap after GC invocations=5449 (full 99):
 PSYoungGen      total 18432K, used 2333K [0x00000000eab00000, 0x00000000ec080000, 0x0000000100000000)
  eden space 15872K, 0% used [0x00000000eab00000,0x00000000eab00000,0x00000000eba80000)
  from space 2560K, 91% used [0x00000000ebe00000,0x00000000ec0476f0,0x00000000ec080000)
  to   space 2560K, 0% used [0x00000000eba80000,0x00000000eba80000,0x00000000ebd00000)
 ParOldGen       total 128512K, used 124331K [0x00000000c0000000, 0x00000000c7d80000, 0x00000000eab00000)
  object space 128512K, 96% used [0x00000000c0000000,0x00000000c796ad60,0x00000000c7d80000)
 Metaspace       used 91813K, committed 93056K, reserved 1179648K
  class space    used 9005K, committed 9536K, reserved 1048576K
}
Event: 67554.357 GC heap before
{Heap before GC invocations=5450 (full 99):
 PSYoungGen      total 18432K, used 18205K [0x00000000eab00000, 0x00000000ec080000, 0x0000000100000000)
  eden space 15872K, 100% used [0x00000000eab00000,0x00000000eba80000,0x00000000eba80000)
  from space 2560K, 91% used [0x00000000ebe00000,0x00000000ec0476f0,0x00000000ec080000)
  to   space 2560K, 0% used [0x00000000eba80000,0x00000000eba80000,0x00000000ebd00000)
 ParOldGen       total 128512K, used 124331K [0x00000000c0000000, 0x00000000c7d80000, 0x00000000eab00000)
  object space 128512K, 96% used [0x00000000c0000000,0x00000000c796ad60,0x00000000c7d80000)
 Metaspace       used 91814K, committed 93056K, reserved 1179648K
  class space    used 9005K, committed 9536K, reserved 1048576K
}
Event: 67554.366 GC heap after
{Heap after GC invocations=5450 (full 99):
 PSYoungGen      total 18432K, used 2551K [0x00000000eab00000, 0x00000000eca80000, 0x0000000100000000)
  eden space 15872K, 0% used [0x00000000eab00000,0x00000000eab00000,0x00000000eba80000)
  from space 2560K, 99% used [0x00000000eba80000,0x00000000ebcfdea0,0x00000000ebd00000)
  to   space 8192K, 0% used [0x00000000ec280000,0x00000000ec280000,0x00000000eca80000)
 ParOldGen       total 129024K, used 128969K [0x00000000c0000000, 0x00000000c7e00000, 0x00000000eab00000)
  object space 129024K, 99% used [0x00000000c0000000,0x00000000c7df2428,0x00000000c7e00000)
 Metaspace       used 91814K, committed 93056K, reserved 1179648K
  class space    used 9005K, committed 9536K, reserved 1048576K
}
Event: 67554.366 GC heap before
{Heap before GC invocations=5451 (full 100):
 PSYoungGen      total 18432K, used 2551K [0x00000000eab00000, 0x00000000eca80000, 0x0000000100000000)
  eden space 15872K, 0% used [0x00000000eab00000,0x00000000eab00000,0x00000000eba80000)
  from space 2560K, 99% used [0x00000000eba80000,0x00000000ebcfdea0,0x00000000ebd00000)
  to   space 8192K, 0% used [0x00000000ec280000,0x00000000ec280000,0x00000000eca80000)
 ParOldGen       total 129024K, used 128969K [0x00000000c0000000, 0x00000000c7e00000, 0x00000000eab00000)
  object space 129024K, 99% used [0x00000000c0000000,0x00000000c7df2428,0x00000000c7e00000)
 Metaspace       used 91814K, committed 93056K, reserved 1179648K
  class space    used 9005K, committed 9536K, reserved 1048576K
}

